Running bicluster
File 'results/2023-11-03_11-00-32/linkage.txt' has been successfully written.
Traceback (most recent call last):
  File "hclusttest.py", line 64, in <module>
    clusterer.generate_dendrogram(run_folder)
  File "/home/nns20006/5819/CSE-5819-Project/hclust/hclust.py", line 43, in generate_dendrogram
    dendrogram_info = dendrogram(self.Z, ax=ax)
  File "/home/nns20006/miniconda3/envs/lightgcn/lib/python3.6/site-packages/scipy/cluster/hierarchy.py", line 3347, in dendrogram
    above_threshold_color=above_threshold_color)
  File "/home/nns20006/miniconda3/envs/lightgcn/lib/python3.6/site-packages/scipy/cluster/hierarchy.py", line 3600, in _dendrogram_calculate_info
    above_threshold_color=above_threshold_color)
  File "/home/nns20006/miniconda3/envs/lightgcn/lib/python3.6/site-packages/scipy/cluster/hierarchy.py", line 3633, in _dendrogram_calculate_info
    above_threshold_color=above_threshold_color)
  File "/home/nns20006/miniconda3/envs/lightgcn/lib/python3.6/site-packages/scipy/cluster/hierarchy.py", line 3633, in _dendrogram_calculate_info
    above_threshold_color=above_threshold_color)
  File "/home/nns20006/miniconda3/envs/lightgcn/lib/python3.6/site-packages/scipy/cluster/hierarchy.py", line 3633, in _dendrogram_calculate_info
    above_threshold_color=above_threshold_color)
  [Previous line repeated 989 more times]
  File "/home/nns20006/miniconda3/envs/lightgcn/lib/python3.6/site-packages/scipy/cluster/hierarchy.py", line 3600, in _dendrogram_calculate_info
    above_threshold_color=above_threshold_color)
  File "/home/nns20006/miniconda3/envs/lightgcn/lib/python3.6/site-packages/scipy/cluster/hierarchy.py", line 3512, in _dendrogram_calculate_info
    leaf_label_func, i, labels)
  File "/home/nns20006/miniconda3/envs/lightgcn/lib/python3.6/site-packages/scipy/cluster/hierarchy.py", line 3385, in _append_singleton_leaf_node
    ivl.append(str(int(i)))
RecursionError: maximum recursion depth exceeded while getting the str of an object
