ERROR: Unable to locate a modulefile for 'python/3.6.7'
[0;30;43mCpp extension not loaded[0m
>>SEED: 2020
[0;30;43mloading [last fm][0m
LastFm Sparsity : 0.006201205012770235
===========config================
{'A_n_fold': 100,
 'A_split': False,
 'bigdata': False,
 'bpr_batch_size': 2048,
 'decay': 0.0001,
 'dropout': 0,
 'keep_prob': 0.6,
 'latent_dim_rec': 64,
 'lightGCN_n_layers': 3,
 'lr': 0.001,
 'multicore': 0,
 'pretrain': 0,
 'test_u_batch_size': 100}
cores for test: 64
comment: lgn
tensorboard: 1
LOAD: 0
Weight path: ./checkpoints
Test Topks: [20]
using bpr loss
===========end===================
[0;30;43muse NORMAL distribution initilizer[0m
lgn is already to go(dropout:0)
load and save to /home/nns20006/5819/CSE-5819-Project/lightgcn/code/checkpoints/lgn-lastfm-3-64.pth.tar
[0;30;43m[TEST][0m
{'precision': array([0.00142626]), 'recall': array([0.00543366]), 'ndcg': array([0.0031127])}
EPOCH[1/1000] loss0.689-|Sample:0.28|
EPOCH[2/1000] loss0.686-|Sample:0.31|
EPOCH[3/1000] loss0.680-|Sample:0.28|
EPOCH[4/1000] loss0.667-|Sample:0.31|
EPOCH[5/1000] loss0.642-|Sample:0.28|
EPOCH[6/1000] loss0.604-|Sample:0.28|
EPOCH[7/1000] loss0.557-|Sample:0.31|
EPOCH[8/1000] loss0.508-|Sample:0.28|
EPOCH[9/1000] loss0.459-|Sample:0.31|
EPOCH[10/1000] loss0.415-|Sample:0.28|
[0;30;43m[TEST][0m
{'precision': array([0.03606028]), 'recall': array([0.12936453]), 'ndcg': array([0.08936387])}
EPOCH[11/1000] loss0.378-|Sample:0.35|
EPOCH[12/1000] loss0.348-|Sample:0.29|
EPOCH[13/1000] loss0.320-|Sample:0.33|
EPOCH[14/1000] loss0.298-|Sample:0.29|
EPOCH[15/1000] loss0.279-|Sample:0.28|
EPOCH[16/1000] loss0.264-|Sample:0.32|
EPOCH[17/1000] loss0.251-|Sample:0.28|
EPOCH[18/1000] loss0.236-|Sample:0.31|
EPOCH[19/1000] loss0.229-|Sample:0.28|
EPOCH[20/1000] loss0.221-|Sample:0.31|
[0;30;43m[TEST][0m
{'precision': array([0.04195371]), 'recall': array([0.15080484]), 'ndcg': array([0.10434743])}
EPOCH[21/1000] loss0.212-|Sample:0.29|
EPOCH[22/1000] loss0.205-|Sample:0.31|
EPOCH[23/1000] loss0.201-|Sample:0.29|
EPOCH[24/1000] loss0.192-|Sample:0.28|
EPOCH[25/1000] loss0.188-|Sample:0.36|
EPOCH[26/1000] loss0.183-|Sample:0.29|
EPOCH[27/1000] loss0.178-|Sample:0.31|
EPOCH[28/1000] loss0.180-|Sample:0.28|
EPOCH[29/1000] loss0.171-|Sample:0.31|
EPOCH[30/1000] loss0.171-|Sample:0.29|
[0;30;43m[TEST][0m
{'precision': array([0.04555974]), 'recall': array([0.16258331]), 'ndcg': array([0.11566986])}
EPOCH[31/1000] loss0.163-|Sample:0.32|
EPOCH[32/1000] loss0.161-|Sample:0.28|
EPOCH[33/1000] loss0.160-|Sample:0.28|
EPOCH[34/1000] loss0.156-|Sample:0.31|
EPOCH[35/1000] loss0.153-|Sample:0.28|
EPOCH[36/1000] loss0.154-|Sample:0.31|
EPOCH[37/1000] loss0.152-|Sample:0.29|
EPOCH[38/1000] loss0.148-|Sample:0.34|
EPOCH[39/1000] loss0.146-|Sample:0.28|
EPOCH[40/1000] loss0.143-|Sample:0.33|
[0;30;43m[TEST][0m
{'precision': array([0.04825081]), 'recall': array([0.172133]), 'ndcg': array([0.12469429])}
EPOCH[41/1000] loss0.138-|Sample:0.29|
EPOCH[42/1000] loss0.140-|Sample:0.29|
EPOCH[43/1000] loss0.141-|Sample:0.31|
EPOCH[44/1000] loss0.135-|Sample:0.28|
EPOCH[45/1000] loss0.133-|Sample:0.31|
EPOCH[46/1000] loss0.132-|Sample:0.28|
EPOCH[47/1000] loss0.130-|Sample:0.36|
EPOCH[48/1000] loss0.128-|Sample:0.29|
EPOCH[49/1000] loss0.128-|Sample:0.36|
EPOCH[50/1000] loss0.125-|Sample:0.28|
[0;30;43m[TEST][0m
{'precision': array([0.05110334]), 'recall': array([0.18137236]), 'ndcg': array([0.13265292])}
EPOCH[51/1000] loss0.124-|Sample:0.29|
EPOCH[52/1000] loss0.122-|Sample:0.34|
EPOCH[53/1000] loss0.123-|Sample:0.28|
EPOCH[54/1000] loss0.119-|Sample:0.35|
EPOCH[55/1000] loss0.118-|Sample:0.28|
EPOCH[56/1000] loss0.117-|Sample:0.31|
EPOCH[57/1000] loss0.117-|Sample:0.30|
EPOCH[58/1000] loss0.112-|Sample:0.32|
EPOCH[59/1000] loss0.116-|Sample:0.29|
EPOCH[60/1000] loss0.114-|Sample:0.30|
[0;30;43m[TEST][0m
{'precision': array([0.05427879]), 'recall': array([0.19316624]), 'ndcg': array([0.14119705])}
EPOCH[61/1000] loss0.110-|Sample:0.28|
EPOCH[62/1000] loss0.110-|Sample:0.28|
EPOCH[63/1000] loss0.111-|Sample:0.31|
EPOCH[64/1000] loss0.110-|Sample:0.30|
EPOCH[65/1000] loss0.110-|Sample:0.31|
EPOCH[66/1000] loss0.104-|Sample:0.29|
EPOCH[67/1000] loss0.106-|Sample:0.31|
EPOCH[68/1000] loss0.105-|Sample:0.29|
EPOCH[69/1000] loss0.105-|Sample:0.35|
EPOCH[70/1000] loss0.102-|Sample:0.29|
[0;30;43m[TEST][0m
{'precision': array([0.05645856]), 'recall': array([0.2001481]), 'ndcg': array([0.14822668])}
EPOCH[71/1000] loss0.100-|Sample:0.29|
EPOCH[72/1000] loss0.097-|Sample:0.31|
EPOCH[73/1000] loss0.101-|Sample:0.29|
EPOCH[74/1000] loss0.098-|Sample:0.32|
EPOCH[75/1000] loss0.100-|Sample:0.29|
EPOCH[76/1000] loss0.098-|Sample:0.37|
EPOCH[77/1000] loss0.097-|Sample:0.28|
EPOCH[78/1000] loss0.099-|Sample:0.33|
EPOCH[79/1000] loss0.098-|Sample:0.30|
EPOCH[80/1000] loss0.095-|Sample:0.28|
[0;30;43m[TEST][0m
{'precision': array([0.05831539]), 'recall': array([0.20652969]), 'ndcg': array([0.15351224])}
EPOCH[81/1000] loss0.097-|Sample:0.32|
EPOCH[82/1000] loss0.092-|Sample:0.29|
EPOCH[83/1000] loss0.092-|Sample:0.37|
EPOCH[84/1000] loss0.091-|Sample:0.29|
EPOCH[85/1000] loss0.089-|Sample:0.35|
EPOCH[86/1000] loss0.090-|Sample:0.28|
EPOCH[87/1000] loss0.090-|Sample:0.31|
EPOCH[88/1000] loss0.088-|Sample:0.28|
EPOCH[89/1000] loss0.089-|Sample:0.28|
EPOCH[90/1000] loss0.086-|Sample:0.31|
[0;30;43m[TEST][0m
{'precision': array([0.05958019]), 'recall': array([0.21179928]), 'ndcg': array([0.15714776])}
EPOCH[91/1000] loss0.088-|Sample:0.28|
EPOCH[92/1000] loss0.087-|Sample:0.31|
EPOCH[93/1000] loss0.084-|Sample:0.28|
EPOCH[94/1000] loss0.085-|Sample:0.31|
EPOCH[95/1000] loss0.082-|Sample:0.28|
EPOCH[96/1000] loss0.084-|Sample:0.31|
EPOCH[97/1000] loss0.083-|Sample:0.28|
EPOCH[98/1000] loss0.083-|Sample:0.28|
EPOCH[99/1000] loss0.083-|Sample:0.31|
EPOCH[100/1000] loss0.081-|Sample:0.28|
[0;30;43m[TEST][0m
{'precision': array([0.06097955]), 'recall': array([0.21512858]), 'ndcg': array([0.16121112])}
EPOCH[101/1000] loss0.081-|Sample:0.32|
EPOCH[102/1000] loss0.079-|Sample:0.28|
EPOCH[103/1000] loss0.080-|Sample:0.30|
EPOCH[104/1000] loss0.080-|Sample:0.28|
EPOCH[105/1000] loss0.079-|Sample:0.31|
EPOCH[106/1000] loss0.080-|Sample:0.28|
EPOCH[107/1000] loss0.078-|Sample:0.29|
EPOCH[108/1000] loss0.076-|Sample:0.31|
EPOCH[109/1000] loss0.077-|Sample:0.28|
EPOCH[110/1000] loss0.077-|Sample:0.31|
[0;30;43m[TEST][0m
{'precision': array([0.06245963]), 'recall': array([0.22107263]), 'ndcg': array([0.16561993])}
EPOCH[111/1000] loss0.074-|Sample:0.28|
EPOCH[112/1000] loss0.075-|Sample:0.31|
EPOCH[113/1000] loss0.075-|Sample:0.28|
EPOCH[114/1000] loss0.075-|Sample:0.31|
EPOCH[115/1000] loss0.073-|Sample:0.28|
EPOCH[116/1000] loss0.071-|Sample:0.28|
EPOCH[117/1000] loss0.073-|Sample:0.31|
EPOCH[118/1000] loss0.074-|Sample:0.28|
EPOCH[119/1000] loss0.072-|Sample:0.31|
EPOCH[120/1000] loss0.073-|Sample:0.28|
[0;30;43m[TEST][0m
{'precision': array([0.06353606]), 'recall': array([0.2256864]), 'ndcg': array([0.16899745])}
EPOCH[121/1000] loss0.073-|Sample:0.31|
EPOCH[122/1000] loss0.071-|Sample:0.28|
EPOCH[123/1000] loss0.069-|Sample:0.31|
EPOCH[124/1000] loss0.070-|Sample:0.28|
EPOCH[125/1000] loss0.072-|Sample:0.28|
EPOCH[126/1000] loss0.069-|Sample:0.31|
EPOCH[127/1000] loss0.067-|Sample:0.28|
EPOCH[128/1000] loss0.068-|Sample:0.31|
EPOCH[129/1000] loss0.068-|Sample:0.28|
EPOCH[130/1000] loss0.068-|Sample:0.31|
[0;30;43m[TEST][0m
{'precision': array([0.06412809]), 'recall': array([0.22735935]), 'ndcg': array([0.17194284])}
EPOCH[131/1000] loss0.067-|Sample:0.28|
EPOCH[132/1000] loss0.066-|Sample:0.31|
EPOCH[133/1000] loss0.064-|Sample:0.28|
EPOCH[134/1000] loss0.065-|Sample:0.35|
EPOCH[135/1000] loss0.063-|Sample:0.29|
EPOCH[136/1000] loss0.063-|Sample:0.28|
EPOCH[137/1000] loss0.064-|Sample:0.31|
EPOCH[138/1000] loss0.062-|Sample:0.28|
EPOCH[139/1000] loss0.065-|Sample:0.31|
EPOCH[140/1000] loss0.063-|Sample:0.28|
[0;30;43m[TEST][0m
{'precision': array([0.06533907]), 'recall': array([0.23136794]), 'ndcg': array([0.17487635])}
EPOCH[141/1000] loss0.061-|Sample:0.32|
EPOCH[142/1000] loss0.066-|Sample:0.28|
EPOCH[143/1000] loss0.060-|Sample:0.31|
EPOCH[144/1000] loss0.061-|Sample:0.31|
EPOCH[145/1000] loss0.061-|Sample:0.28|
EPOCH[146/1000] loss0.058-|Sample:0.31|
EPOCH[147/1000] loss0.062-|Sample:0.28|
EPOCH[148/1000] loss0.060-|Sample:0.31|
EPOCH[149/1000] loss0.061-|Sample:0.28|
EPOCH[150/1000] loss0.060-|Sample:0.31|
[0;30;43m[TEST][0m
{'precision': array([0.06644241]), 'recall': array([0.23561168]), 'ndcg': array([0.17839074])}
EPOCH[151/1000] loss0.059-|Sample:0.28|
EPOCH[152/1000] loss0.059-|Sample:0.31|
EPOCH[153/1000] loss0.060-|Sample:0.28|
EPOCH[154/1000] loss0.059-|Sample:0.28|
EPOCH[155/1000] loss0.057-|Sample:0.31|
EPOCH[156/1000] loss0.057-|Sample:0.28|
EPOCH[157/1000] loss0.059-|Sample:0.31|
EPOCH[158/1000] loss0.057-|Sample:0.28|
EPOCH[159/1000] loss0.058-|Sample:0.31|
EPOCH[160/1000] loss0.057-|Sample:0.28|
[0;30;43m[TEST][0m
{'precision': array([0.06679225]), 'recall': array([0.23659075]), 'ndcg': array([0.18040011])}
EPOCH[161/1000] loss0.059-|Sample:0.32|
EPOCH[162/1000] loss0.054-|Sample:0.28|
EPOCH[163/1000] loss0.056-|Sample:0.29|
EPOCH[164/1000] loss0.055-|Sample:0.32|
EPOCH[165/1000] loss0.053-|Sample:0.28|
EPOCH[166/1000] loss0.054-|Sample:0.31|
EPOCH[167/1000] loss0.056-|Sample:0.28|
EPOCH[168/1000] loss0.055-|Sample:0.31|
EPOCH[169/1000] loss0.055-|Sample:0.28|
EPOCH[170/1000] loss0.056-|Sample:0.31|
[0;30;43m[TEST][0m
{'precision': array([0.06749193]), 'recall': array([0.23897943]), 'ndcg': array([0.18265409])}
EPOCH[171/1000] loss0.053-|Sample:0.29|
EPOCH[172/1000] loss0.054-|Sample:0.28|
EPOCH[173/1000] loss0.055-|Sample:0.31|
EPOCH[174/1000] loss0.053-|Sample:0.28|
EPOCH[175/1000] loss0.052-|Sample:0.34|
EPOCH[176/1000] loss0.052-|Sample:0.29|
EPOCH[177/1000] loss0.050-|Sample:0.31|
EPOCH[178/1000] loss0.052-|Sample:0.28|
EPOCH[179/1000] loss0.051-|Sample:0.31|
EPOCH[180/1000] loss0.051-|Sample:0.28|
[0;30;43m[TEST][0m
{'precision': array([0.06813778]), 'recall': array([0.24163076]), 'ndcg': array([0.18448603])}
EPOCH[181/1000] loss0.051-|Sample:0.28|
EPOCH[182/1000] loss0.050-|Sample:0.31|
EPOCH[183/1000] loss0.050-|Sample:0.28|
EPOCH[184/1000] loss0.051-|Sample:0.31|
EPOCH[185/1000] loss0.051-|Sample:0.28|
EPOCH[186/1000] loss0.048-|Sample:0.31|
EPOCH[187/1000] loss0.048-|Sample:0.28|
EPOCH[188/1000] loss0.049-|Sample:0.31|
EPOCH[189/1000] loss0.049-|Sample:0.28|
EPOCH[190/1000] loss0.049-|Sample:0.28|
[0;30;43m[TEST][0m
{'precision': array([0.06902583]), 'recall': array([0.24571463]), 'ndcg': array([0.18692694])}
EPOCH[191/1000] loss0.049-|Sample:0.31|
EPOCH[192/1000] loss0.048-|Sample:0.28|
EPOCH[193/1000] loss0.048-|Sample:0.31|
EPOCH[194/1000] loss0.047-|Sample:0.28|
EPOCH[195/1000] loss0.048-|Sample:0.31|
EPOCH[196/1000] loss0.047-|Sample:0.28|
EPOCH[197/1000] loss0.045-|Sample:0.31|
EPOCH[198/1000] loss0.046-|Sample:0.28|
EPOCH[199/1000] loss0.045-|Sample:0.28|
EPOCH[200/1000] loss0.045-|Sample:0.30|
[0;30;43m[TEST][0m
{'precision': array([0.06951023]), 'recall': array([0.24761153]), 'ndcg': array([0.18892783])}
EPOCH[201/1000] loss0.045-|Sample:0.28|
EPOCH[202/1000] loss0.047-|Sample:0.31|
EPOCH[203/1000] loss0.045-|Sample:0.28|
EPOCH[204/1000] loss0.046-|Sample:0.31|
EPOCH[205/1000] loss0.045-|Sample:0.28|
EPOCH[206/1000] loss0.044-|Sample:0.31|
EPOCH[207/1000] loss0.044-|Sample:0.28|
EPOCH[208/1000] loss0.043-|Sample:0.28|
EPOCH[209/1000] loss0.044-|Sample:0.31|
EPOCH[210/1000] loss0.048-|Sample:0.28|
[0;30;43m[TEST][0m
{'precision': array([0.06986006]), 'recall': array([0.24926509]), 'ndcg': array([0.19004758])}
EPOCH[211/1000] loss0.043-|Sample:0.31|
EPOCH[212/1000] loss0.044-|Sample:0.28|
EPOCH[213/1000] loss0.044-|Sample:0.31|
EPOCH[214/1000] loss0.045-|Sample:0.28|
EPOCH[215/1000] loss0.043-|Sample:0.31|
EPOCH[216/1000] loss0.044-|Sample:0.28|
EPOCH[217/1000] loss0.044-|Sample:0.31|
EPOCH[218/1000] loss0.043-|Sample:0.28|
EPOCH[219/1000] loss0.042-|Sample:0.28|
EPOCH[220/1000] loss0.043-|Sample:0.31|
[0;30;43m[TEST][0m
{'precision': array([0.07010226]), 'recall': array([0.25004598]), 'ndcg': array([0.19215395])}
EPOCH[221/1000] loss0.042-|Sample:0.28|
EPOCH[222/1000] loss0.041-|Sample:0.31|
EPOCH[223/1000] loss0.042-|Sample:0.28|
EPOCH[224/1000] loss0.041-|Sample:0.31|
EPOCH[225/1000] loss0.043-|Sample:0.28|
EPOCH[226/1000] loss0.040-|Sample:0.31|
EPOCH[227/1000] loss0.041-|Sample:0.28|
EPOCH[228/1000] loss0.041-|Sample:0.28|
EPOCH[229/1000] loss0.040-|Sample:0.31|
EPOCH[230/1000] loss0.038-|Sample:0.29|
[0;30;43m[TEST][0m
{'precision': array([0.07074812]), 'recall': array([0.25225326]), 'ndcg': array([0.19430126])}
EPOCH[231/1000] loss0.041-|Sample:0.31|
EPOCH[232/1000] loss0.042-|Sample:0.28|
EPOCH[233/1000] loss0.040-|Sample:0.31|
EPOCH[234/1000] loss0.041-|Sample:0.28|
EPOCH[235/1000] loss0.041-|Sample:0.37|
EPOCH[236/1000] loss0.041-|Sample:0.30|
EPOCH[237/1000] loss0.041-|Sample:0.28|
EPOCH[238/1000] loss0.040-|Sample:0.31|
EPOCH[239/1000] loss0.039-|Sample:0.28|
EPOCH[240/1000] loss0.038-|Sample:0.31|
[0;30;43m[TEST][0m
{'precision': array([0.07166308]), 'recall': array([0.2553862]), 'ndcg': array([0.1960097])}
EPOCH[241/1000] loss0.037-|Sample:0.29|
EPOCH[242/1000] loss0.039-|Sample:0.31|
EPOCH[243/1000] loss0.038-|Sample:0.28|
EPOCH[244/1000] loss0.039-|Sample:0.31|
EPOCH[245/1000] loss0.039-|Sample:0.28|
EPOCH[246/1000] loss0.037-|Sample:0.28|
EPOCH[247/1000] loss0.038-|Sample:0.31|
EPOCH[248/1000] loss0.038-|Sample:0.28|
EPOCH[249/1000] loss0.037-|Sample:0.31|
EPOCH[250/1000] loss0.039-|Sample:0.28|
[0;30;43m[TEST][0m
{'precision': array([0.07217438]), 'recall': array([0.25682704]), 'ndcg': array([0.19723255])}
EPOCH[251/1000] loss0.038-|Sample:0.31|
EPOCH[252/1000] loss0.038-|Sample:0.28|
EPOCH[253/1000] loss0.036-|Sample:0.31|
EPOCH[254/1000] loss0.036-|Sample:0.28|
EPOCH[255/1000] loss0.036-|Sample:0.28|
EPOCH[256/1000] loss0.037-|Sample:0.31|
EPOCH[257/1000] loss0.037-|Sample:0.28|
EPOCH[258/1000] loss0.036-|Sample:0.31|
EPOCH[259/1000] loss0.035-|Sample:0.28|
EPOCH[260/1000] loss0.037-|Sample:0.31|
[0;30;43m[TEST][0m
{'precision': array([0.07212056]), 'recall': array([0.25732148]), 'ndcg': array([0.19836782])}
EPOCH[261/1000] loss0.035-|Sample:0.29|
EPOCH[262/1000] loss0.037-|Sample:0.31|
EPOCH[263/1000] loss0.035-|Sample:0.28|
EPOCH[264/1000] loss0.035-|Sample:0.29|
EPOCH[265/1000] loss0.036-|Sample:0.31|
EPOCH[266/1000] loss0.035-|Sample:0.28|
EPOCH[267/1000] loss0.035-|Sample:0.31|
EPOCH[268/1000] loss0.035-|Sample:0.28|
EPOCH[269/1000] loss0.034-|Sample:0.31|
EPOCH[270/1000] loss0.035-|Sample:0.28|
[0;30;43m[TEST][0m
{'precision': array([0.07268568]), 'recall': array([0.25949803]), 'ndcg': array([0.19983938])}
EPOCH[271/1000] loss0.035-|Sample:0.31|
EPOCH[272/1000] loss0.035-|Sample:0.28|
EPOCH[273/1000] loss0.036-|Sample:0.28|
EPOCH[274/1000] loss0.033-|Sample:0.31|
EPOCH[275/1000] loss0.034-|Sample:0.28|
EPOCH[276/1000] loss0.034-|Sample:0.38|
EPOCH[277/1000] loss0.036-|Sample:0.28|
EPOCH[278/1000] loss0.032-|Sample:0.33|
EPOCH[279/1000] loss0.034-|Sample:0.28|
EPOCH[280/1000] loss0.035-|Sample:0.32|
[0;30;43m[TEST][0m
{'precision': array([0.07292788]), 'recall': array([0.26033911]), 'ndcg': array([0.20032048])}
EPOCH[281/1000] loss0.034-|Sample:0.29|
EPOCH[282/1000] loss0.034-|Sample:0.32|
EPOCH[283/1000] loss0.032-|Sample:0.28|
EPOCH[284/1000] loss0.034-|Sample:0.28|
EPOCH[285/1000] loss0.033-|Sample:0.31|
EPOCH[286/1000] loss0.034-|Sample:0.28|
EPOCH[287/1000] loss0.033-|Sample:0.31|
EPOCH[288/1000] loss0.033-|Sample:0.28|
EPOCH[289/1000] loss0.033-|Sample:0.31|
EPOCH[290/1000] loss0.032-|Sample:0.28|
[0;30;43m[TEST][0m
{'precision': array([0.07325081]), 'recall': array([0.26157273]), 'ndcg': array([0.20137409])}
EPOCH[291/1000] loss0.034-|Sample:0.32|
EPOCH[292/1000] loss0.033-|Sample:0.28|
EPOCH[293/1000] loss0.031-|Sample:0.30|
EPOCH[294/1000] loss0.032-|Sample:0.31|
EPOCH[295/1000] loss0.031-|Sample:0.28|
EPOCH[296/1000] loss0.031-|Sample:0.31|
EPOCH[297/1000] loss0.031-|Sample:0.28|
EPOCH[298/1000] loss0.033-|Sample:0.36|
EPOCH[299/1000] loss0.031-|Sample:0.35|
EPOCH[300/1000] loss0.031-|Sample:0.41|
[0;30;43m[TEST][0m
{'precision': array([0.07343918]), 'recall': array([0.26234413]), 'ndcg': array([0.20206916])}
EPOCH[301/1000] loss0.031-|Sample:0.30|
EPOCH[302/1000] loss0.030-|Sample:0.28|
EPOCH[303/1000] loss0.032-|Sample:0.31|
EPOCH[304/1000] loss0.030-|Sample:0.28|
EPOCH[305/1000] loss0.031-|Sample:0.31|
EPOCH[306/1000] loss0.031-|Sample:0.29|
EPOCH[307/1000] loss0.031-|Sample:0.32|
EPOCH[308/1000] loss0.031-|Sample:0.29|
EPOCH[309/1000] loss0.030-|Sample:0.31|
EPOCH[310/1000] loss0.030-|Sample:0.28|
[0;30;43m[TEST][0m
{'precision': array([0.07357374]), 'recall': array([0.26296952]), 'ndcg': array([0.20316186])}
EPOCH[311/1000] loss0.029-|Sample:0.29|
EPOCH[312/1000] loss0.030-|Sample:0.31|
EPOCH[313/1000] loss0.030-|Sample:0.28|
EPOCH[314/1000] loss0.030-|Sample:0.31|
EPOCH[315/1000] loss0.030-|Sample:0.28|
EPOCH[316/1000] loss0.030-|Sample:0.31|
EPOCH[317/1000] loss0.030-|Sample:0.28|
EPOCH[318/1000] loss0.030-|Sample:0.31|
EPOCH[319/1000] loss0.030-|Sample:0.28|
EPOCH[320/1000] loss0.031-|Sample:0.28|
[0;30;43m[TEST][0m
{'precision': array([0.07392357]), 'recall': array([0.26383091]), 'ndcg': array([0.20368252])}
EPOCH[321/1000] loss0.028-|Sample:0.31|
EPOCH[322/1000] loss0.030-|Sample:0.28|
EPOCH[323/1000] loss0.029-|Sample:0.31|
EPOCH[324/1000] loss0.029-|Sample:0.28|
EPOCH[325/1000] loss0.028-|Sample:0.31|
EPOCH[326/1000] loss0.028-|Sample:0.28|
EPOCH[327/1000] loss0.028-|Sample:0.31|
EPOCH[328/1000] loss0.027-|Sample:0.28|
EPOCH[329/1000] loss0.028-|Sample:0.28|
EPOCH[330/1000] loss0.028-|Sample:0.32|
[0;30;43m[TEST][0m
{'precision': array([0.07403122]), 'recall': array([0.26416221]), 'ndcg': array([0.20413558])}
EPOCH[331/1000] loss0.028-|Sample:0.29|
EPOCH[332/1000] loss0.029-|Sample:0.31|
EPOCH[333/1000] loss0.029-|Sample:0.28|
EPOCH[334/1000] loss0.029-|Sample:0.31|
EPOCH[335/1000] loss0.029-|Sample:0.28|
EPOCH[336/1000] loss0.028-|Sample:0.31|
EPOCH[337/1000] loss0.028-|Sample:0.37|
EPOCH[338/1000] loss0.028-|Sample:0.32|
EPOCH[339/1000] loss0.027-|Sample:0.39|
EPOCH[340/1000] loss0.029-|Sample:0.36|
[0;30;43m[TEST][0m
{'precision': array([0.07416577]), 'recall': array([0.26394646]), 'ndcg': array([0.20471244])}
EPOCH[341/1000] loss0.027-|Sample:0.31|
EPOCH[342/1000] loss0.027-|Sample:0.28|
EPOCH[343/1000] loss0.027-|Sample:0.30|
EPOCH[344/1000] loss0.027-|Sample:0.28|
EPOCH[345/1000] loss0.027-|Sample:0.31|
EPOCH[346/1000] loss0.027-|Sample:0.28|
EPOCH[347/1000] loss0.029-|Sample:0.28|
EPOCH[348/1000] loss0.026-|Sample:0.31|
EPOCH[349/1000] loss0.026-|Sample:0.28|
EPOCH[350/1000] loss0.026-|Sample:0.31|
[0;30;43m[TEST][0m
{'precision': array([0.07435414]), 'recall': array([0.26543758]), 'ndcg': array([0.20543687])}
EPOCH[351/1000] loss0.027-|Sample:0.29|
EPOCH[352/1000] loss0.027-|Sample:0.31|
EPOCH[353/1000] loss0.027-|Sample:0.28|
EPOCH[354/1000] loss0.027-|Sample:0.31|
EPOCH[355/1000] loss0.027-|Sample:0.28|
EPOCH[356/1000] loss0.026-|Sample:0.28|
EPOCH[357/1000] loss0.026-|Sample:0.31|
EPOCH[358/1000] loss0.026-|Sample:0.28|
EPOCH[359/1000] loss0.026-|Sample:0.31|
EPOCH[360/1000] loss0.026-|Sample:0.28|
[0;30;43m[TEST][0m
{'precision': array([0.07459634]), 'recall': array([0.26576919]), 'ndcg': array([0.20636929])}
EPOCH[361/1000] loss0.026-|Sample:0.31|
EPOCH[362/1000] loss0.026-|Sample:0.28|
EPOCH[363/1000] loss0.026-|Sample:0.31|
EPOCH[364/1000] loss0.026-|Sample:0.28|
EPOCH[365/1000] loss0.025-|Sample:0.32|
EPOCH[366/1000] loss0.026-|Sample:0.28|
EPOCH[367/1000] loss0.026-|Sample:0.29|
EPOCH[368/1000] loss0.026-|Sample:0.31|
EPOCH[369/1000] loss0.025-|Sample:0.28|
EPOCH[370/1000] loss0.025-|Sample:0.31|
[0;30;43m[TEST][0m
{'precision': array([0.0744887]), 'recall': array([0.26573082]), 'ndcg': array([0.20607604])}
EPOCH[371/1000] loss0.025-|Sample:0.29|
EPOCH[372/1000] loss0.025-|Sample:0.31|
EPOCH[373/1000] loss0.025-|Sample:0.28|
EPOCH[374/1000] loss0.025-|Sample:0.31|
EPOCH[375/1000] loss0.025-|Sample:0.28|
EPOCH[376/1000] loss0.025-|Sample:0.28|
EPOCH[377/1000] loss0.025-|Sample:0.31|
EPOCH[378/1000] loss0.025-|Sample:0.28|
EPOCH[379/1000] loss0.025-|Sample:0.31|
EPOCH[380/1000] loss0.024-|Sample:0.28|
[0;30;43m[TEST][0m
{'precision': array([0.0747578]), 'recall': array([0.26561399]), 'ndcg': array([0.20703996])}
EPOCH[381/1000] loss0.025-|Sample:0.32|
EPOCH[382/1000] loss0.024-|Sample:0.28|
EPOCH[383/1000] loss0.024-|Sample:0.31|
EPOCH[384/1000] loss0.025-|Sample:0.28|
EPOCH[385/1000] loss0.025-|Sample:0.28|
EPOCH[386/1000] loss0.024-|Sample:0.31|
EPOCH[387/1000] loss0.025-|Sample:0.28|
EPOCH[388/1000] loss0.023-|Sample:0.31|
EPOCH[389/1000] loss0.025-|Sample:0.28|
EPOCH[390/1000] loss0.023-|Sample:0.31|
[0;30;43m[TEST][0m
{'precision': array([0.07502691]), 'recall': array([0.26674704]), 'ndcg': array([0.2072506])}
EPOCH[391/1000] loss0.025-|Sample:0.29|
EPOCH[392/1000] loss0.025-|Sample:0.31|
EPOCH[393/1000] loss0.024-|Sample:0.28|
EPOCH[394/1000] loss0.024-|Sample:0.28|
EPOCH[395/1000] loss0.023-|Sample:0.35|
EPOCH[396/1000] loss0.025-|Sample:0.36|
EPOCH[397/1000] loss0.023-|Sample:0.37|
EPOCH[398/1000] loss0.023-|Sample:0.39|
EPOCH[399/1000] loss0.024-|Sample:0.34|
EPOCH[400/1000] loss0.022-|Sample:0.28|
[0;30;43m[TEST][0m
{'precision': array([0.07534984]), 'recall': array([0.26794661]), 'ndcg': array([0.20754823])}
EPOCH[401/1000] loss0.024-|Sample:0.32|
EPOCH[402/1000] loss0.023-|Sample:0.29|
EPOCH[403/1000] loss0.023-|Sample:0.28|
EPOCH[404/1000] loss0.023-|Sample:0.32|
EPOCH[405/1000] loss0.024-|Sample:0.28|
EPOCH[406/1000] loss0.024-|Sample:0.31|
EPOCH[407/1000] loss0.023-|Sample:0.29|
EPOCH[408/1000] loss0.023-|Sample:0.35|
EPOCH[409/1000] loss0.023-|Sample:0.28|
EPOCH[410/1000] loss0.023-|Sample:0.33|
[0;30;43m[TEST][0m
{'precision': array([0.07532293]), 'recall': array([0.26733836]), 'ndcg': array([0.20801161])}
EPOCH[411/1000] loss0.023-|Sample:0.29|
EPOCH[412/1000] loss0.023-|Sample:0.28|
EPOCH[413/1000] loss0.023-|Sample:0.31|
EPOCH[414/1000] loss0.022-|Sample:0.28|
EPOCH[415/1000] loss0.023-|Sample:0.31|
EPOCH[416/1000] loss0.022-|Sample:0.28|
EPOCH[417/1000] loss0.023-|Sample:0.31|
EPOCH[418/1000] loss0.022-|Sample:0.28|
EPOCH[419/1000] loss0.023-|Sample:0.31|
EPOCH[420/1000] loss0.022-|Sample:0.29|
[0;30;43m[TEST][0m
{'precision': array([0.07548439]), 'recall': array([0.26796323]), 'ndcg': array([0.20858728])}
EPOCH[421/1000] loss0.023-|Sample:0.29|
EPOCH[422/1000] loss0.022-|Sample:0.31|
EPOCH[423/1000] loss0.022-|Sample:0.28|
EPOCH[424/1000] loss0.023-|Sample:0.31|
EPOCH[425/1000] loss0.022-|Sample:0.28|
EPOCH[426/1000] loss0.022-|Sample:0.31|
EPOCH[427/1000] loss0.022-|Sample:0.28|
EPOCH[428/1000] loss0.023-|Sample:0.31|
EPOCH[429/1000] loss0.021-|Sample:0.30|
EPOCH[430/1000] loss0.022-|Sample:0.29|
[0;30;43m[TEST][0m
{'precision': array([0.0755113]), 'recall': array([0.2678844]), 'ndcg': array([0.20932158])}
EPOCH[431/1000] loss0.021-|Sample:0.31|
EPOCH[432/1000] loss0.022-|Sample:0.28|
EPOCH[433/1000] loss0.022-|Sample:0.31|
EPOCH[434/1000] loss0.021-|Sample:0.28|
EPOCH[435/1000] loss0.022-|Sample:0.31|
EPOCH[436/1000] loss0.021-|Sample:0.28|
EPOCH[437/1000] loss0.021-|Sample:0.31|
EPOCH[438/1000] loss0.022-|Sample:0.28|
EPOCH[439/1000] loss0.022-|Sample:0.29|
EPOCH[440/1000] loss0.021-|Sample:0.31|
[0;30;43m[TEST][0m
{'precision': array([0.07586114]), 'recall': array([0.26898131]), 'ndcg': array([0.20995805])}
EPOCH[441/1000] loss0.021-|Sample:0.29|
EPOCH[442/1000] loss0.022-|Sample:0.31|
EPOCH[443/1000] loss0.021-|Sample:0.28|
EPOCH[444/1000] loss0.022-|Sample:0.31|
EPOCH[445/1000] loss0.021-|Sample:0.28|
EPOCH[446/1000] loss0.022-|Sample:0.31|
EPOCH[447/1000] loss0.021-|Sample:0.28|
EPOCH[448/1000] loss0.021-|Sample:0.32|
EPOCH[449/1000] loss0.021-|Sample:0.32|
EPOCH[450/1000] loss0.020-|Sample:0.59|
[0;30;43m[TEST][0m
{'precision': array([0.07607643]), 'recall': array([0.2705659]), 'ndcg': array([0.21048661])}
EPOCH[451/1000] loss0.020-|Sample:0.33|
EPOCH[452/1000] loss0.020-|Sample:0.32|
EPOCH[453/1000] loss0.020-|Sample:0.31|
EPOCH[454/1000] loss0.021-|Sample:0.28|
EPOCH[455/1000] loss0.021-|Sample:0.31|
EPOCH[456/1000] loss0.021-|Sample:0.28|
EPOCH[457/1000] loss0.021-|Sample:0.31|
EPOCH[458/1000] loss0.021-|Sample:0.28|
EPOCH[459/1000] loss0.020-|Sample:0.28|
EPOCH[460/1000] loss0.020-|Sample:0.31|
[0;30;43m[TEST][0m
{'precision': array([0.07618407]), 'recall': array([0.27055651]), 'ndcg': array([0.21075997])}
EPOCH[461/1000] loss0.020-|Sample:0.29|
EPOCH[462/1000] loss0.020-|Sample:0.32|
EPOCH[463/1000] loss0.019-|Sample:0.28|
EPOCH[464/1000] loss0.019-|Sample:0.31|
EPOCH[465/1000] loss0.021-|Sample:0.29|
EPOCH[466/1000] loss0.020-|Sample:0.31|
EPOCH[467/1000] loss0.020-|Sample:0.28|
EPOCH[468/1000] loss0.021-|Sample:0.28|
EPOCH[469/1000] loss0.020-|Sample:0.31|
EPOCH[470/1000] loss0.020-|Sample:0.28|
[0;30;43m[TEST][0m
{'precision': array([0.07656082]), 'recall': array([0.27130055]), 'ndcg': array([0.21100004])}
EPOCH[471/1000] loss0.020-|Sample:0.31|
EPOCH[472/1000] loss0.020-|Sample:0.29|
EPOCH[473/1000] loss0.020-|Sample:0.31|
EPOCH[474/1000] loss0.021-|Sample:0.28|
EPOCH[475/1000] loss0.021-|Sample:0.31|
EPOCH[476/1000] loss0.020-|Sample:0.28|
EPOCH[477/1000] loss0.020-|Sample:0.28|
EPOCH[478/1000] loss0.020-|Sample:0.34|
EPOCH[479/1000] loss0.021-|Sample:0.32|
EPOCH[480/1000] loss0.020-|Sample:0.35|
[0;30;43m[TEST][0m
{'precision': array([0.07672228]), 'recall': array([0.27183571]), 'ndcg': array([0.21142379])}
EPOCH[481/1000] loss0.020-|Sample:0.60|
EPOCH[482/1000] loss0.020-|Sample:0.32|
EPOCH[483/1000] loss0.020-|Sample:0.28|
EPOCH[484/1000] loss0.020-|Sample:0.31|
EPOCH[485/1000] loss0.019-|Sample:0.29|
EPOCH[486/1000] loss0.019-|Sample:0.28|
EPOCH[487/1000] loss0.019-|Sample:0.31|
EPOCH[488/1000] loss0.019-|Sample:0.28|
EPOCH[489/1000] loss0.019-|Sample:0.31|
EPOCH[490/1000] loss0.020-|Sample:0.28|
[0;30;43m[TEST][0m
{'precision': array([0.07666846]), 'recall': array([0.27188036]), 'ndcg': array([0.21156993])}
EPOCH[491/1000] loss0.019-|Sample:0.32|
EPOCH[492/1000] loss0.019-|Sample:0.28|
EPOCH[493/1000] loss0.020-|Sample:0.31|
EPOCH[494/1000] loss0.020-|Sample:0.28|
EPOCH[495/1000] loss0.019-|Sample:0.29|
EPOCH[496/1000] loss0.020-|Sample:0.31|
EPOCH[497/1000] loss0.019-|Sample:0.28|
EPOCH[498/1000] loss0.019-|Sample:0.31|
EPOCH[499/1000] loss0.019-|Sample:0.28|
EPOCH[500/1000] loss0.019-|Sample:0.31|
[0;30;43m[TEST][0m
{'precision': array([0.07656082]), 'recall': array([0.27178009]), 'ndcg': array([0.21157412])}
EPOCH[501/1000] loss0.018-|Sample:0.29|
EPOCH[502/1000] loss0.019-|Sample:0.31|
EPOCH[503/1000] loss0.019-|Sample:0.28|
EPOCH[504/1000] loss0.019-|Sample:0.28|
EPOCH[505/1000] loss0.020-|Sample:0.31|
EPOCH[506/1000] loss0.019-|Sample:0.29|
EPOCH[507/1000] loss0.020-|Sample:0.31|
EPOCH[508/1000] loss0.019-|Sample:0.28|
EPOCH[509/1000] loss0.018-|Sample:0.31|
EPOCH[510/1000] loss0.019-|Sample:0.28|
[0;30;43m[TEST][0m
{'precision': array([0.07696448]), 'recall': array([0.27352825]), 'ndcg': array([0.21274249])}
EPOCH[511/1000] loss0.019-|Sample:0.31|
EPOCH[512/1000] loss0.019-|Sample:0.28|
EPOCH[513/1000] loss0.019-|Sample:0.28|
EPOCH[514/1000] loss0.020-|Sample:0.31|
EPOCH[515/1000] loss0.019-|Sample:0.28|
EPOCH[516/1000] loss0.019-|Sample:0.31|
EPOCH[517/1000] loss0.019-|Sample:0.28|
EPOCH[518/1000] loss0.019-|Sample:0.31|
EPOCH[519/1000] loss0.019-|Sample:0.28|
EPOCH[520/1000] loss0.018-|Sample:0.31|
[0;30;43m[TEST][0m
{'precision': array([0.07704521]), 'recall': array([0.27349561]), 'ndcg': array([0.21309567])}
EPOCH[521/1000] loss0.017-|Sample:0.29|
EPOCH[522/1000] loss0.019-|Sample:0.31|
EPOCH[523/1000] loss0.018-|Sample:0.28|
EPOCH[524/1000] loss0.018-|Sample:0.28|
EPOCH[525/1000] loss0.017-|Sample:0.31|
EPOCH[526/1000] loss0.019-|Sample:0.28|
EPOCH[527/1000] loss0.019-|Sample:0.31|
EPOCH[528/1000] loss0.018-|Sample:0.28|
EPOCH[529/1000] loss0.018-|Sample:0.32|
EPOCH[530/1000] loss0.018-|Sample:0.28|
[0;30;43m[TEST][0m
{'precision': array([0.07709903]), 'recall': array([0.27394022]), 'ndcg': array([0.21329718])}
EPOCH[531/1000] loss0.018-|Sample:0.31|
EPOCH[532/1000] loss0.018-|Sample:0.47|
EPOCH[533/1000] loss0.019-|Sample:0.59|
EPOCH[534/1000] loss0.017-|Sample:0.62|
EPOCH[535/1000] loss0.018-|Sample:0.59|
EPOCH[536/1000] loss0.018-|Sample:0.34|
EPOCH[537/1000] loss0.018-|Sample:0.28|
EPOCH[538/1000] loss0.017-|Sample:0.31|
EPOCH[539/1000] loss0.018-|Sample:0.29|
EPOCH[540/1000] loss0.017-|Sample:0.31|
[0;30;43m[TEST][0m
{'precision': array([0.07664155]), 'recall': array([0.27224269]), 'ndcg': array([0.21226795])}
EPOCH[541/1000] loss0.018-|Sample:0.29|
EPOCH[542/1000] loss0.018-|Sample:0.28|
EPOCH[543/1000] loss0.018-|Sample:0.31|
EPOCH[544/1000] loss0.018-|Sample:0.28|
EPOCH[545/1000] loss0.019-|Sample:0.31|
EPOCH[546/1000] loss0.018-|Sample:0.28|
EPOCH[547/1000] loss0.018-|Sample:0.31|
EPOCH[548/1000] loss0.017-|Sample:0.28|
EPOCH[549/1000] loss0.018-|Sample:0.31|
EPOCH[550/1000] loss0.017-|Sample:0.28|
[0;30;43m[TEST][0m
{'precision': array([0.07661464]), 'recall': array([0.2722918]), 'ndcg': array([0.21222713])}
EPOCH[551/1000] loss0.017-|Sample:0.28|
EPOCH[552/1000] loss0.018-|Sample:0.30|
EPOCH[553/1000] loss0.017-|Sample:0.28|
EPOCH[554/1000] loss0.018-|Sample:0.31|
EPOCH[555/1000] loss0.017-|Sample:0.28|
EPOCH[556/1000] loss0.018-|Sample:0.31|
EPOCH[557/1000] loss0.017-|Sample:0.28|
EPOCH[558/1000] loss0.018-|Sample:0.31|
EPOCH[559/1000] loss0.017-|Sample:0.28|
EPOCH[560/1000] loss0.018-|Sample:0.28|
[0;30;43m[TEST][0m
{'precision': array([0.07666846]), 'recall': array([0.27298234]), 'ndcg': array([0.21269409])}
EPOCH[561/1000] loss0.018-|Sample:0.32|
EPOCH[562/1000] loss0.017-|Sample:0.28|
EPOCH[563/1000] loss0.018-|Sample:0.31|
EPOCH[564/1000] loss0.017-|Sample:0.28|
EPOCH[565/1000] loss0.017-|Sample:0.32|
EPOCH[566/1000] loss0.017-|Sample:0.28|
EPOCH[567/1000] loss0.017-|Sample:0.31|
EPOCH[568/1000] loss0.017-|Sample:0.28|
EPOCH[569/1000] loss0.018-|Sample:0.28|
EPOCH[570/1000] loss0.017-|Sample:0.31|
[0;30;43m[TEST][0m
{'precision': array([0.07691066]), 'recall': array([0.2734704]), 'ndcg': array([0.21339847])}
EPOCH[571/1000] loss0.017-|Sample:0.29|
EPOCH[572/1000] loss0.017-|Sample:0.31|
EPOCH[573/1000] loss0.017-|Sample:0.28|
EPOCH[574/1000] loss0.017-|Sample:0.31|
EPOCH[575/1000] loss0.017-|Sample:0.28|
EPOCH[576/1000] loss0.017-|Sample:0.31|
EPOCH[577/1000] loss0.017-|Sample:0.29|
EPOCH[578/1000] loss0.017-|Sample:0.28|
EPOCH[579/1000] loss0.017-|Sample:0.37|
EPOCH[580/1000] loss0.017-|Sample:0.30|
[0;30;43m[TEST][0m
{'precision': array([0.07712594]), 'recall': array([0.27479839]), 'ndcg': array([0.2132416])}
EPOCH[581/1000] loss0.018-|Sample:0.36|
EPOCH[582/1000] loss0.017-|Sample:0.29|
EPOCH[583/1000] loss0.016-|Sample:0.35|
EPOCH[584/1000] loss0.016-|Sample:0.28|
EPOCH[585/1000] loss0.017-|Sample:0.36|
EPOCH[586/1000] loss0.017-|Sample:0.29|
EPOCH[587/1000] loss0.016-|Sample:0.28|
EPOCH[588/1000] loss0.017-|Sample:0.36|
EPOCH[589/1000] loss0.016-|Sample:0.28|
EPOCH[590/1000] loss0.016-|Sample:0.31|
[0;30;43m[TEST][0m
{'precision': array([0.07658773]), 'recall': array([0.27271255]), 'ndcg': array([0.21247021])}
EPOCH[591/1000] loss0.016-|Sample:0.28|
EPOCH[592/1000] loss0.016-|Sample:0.31|
EPOCH[593/1000] loss0.016-|Sample:0.28|
EPOCH[594/1000] loss0.017-|Sample:0.31|
EPOCH[595/1000] loss0.016-|Sample:0.28|
EPOCH[596/1000] loss0.016-|Sample:0.28|
EPOCH[597/1000] loss0.016-|Sample:0.31|
EPOCH[598/1000] loss0.017-|Sample:0.59|
EPOCH[599/1000] loss0.016-|Sample:0.34|
EPOCH[600/1000] loss0.016-|Sample:0.32|
[0;30;43m[TEST][0m
{'precision': array([0.07669537]), 'recall': array([0.27218633]), 'ndcg': array([0.21216654])}
EPOCH[601/1000] loss0.016-|Sample:0.36|
EPOCH[602/1000] loss0.016-|Sample:0.61|
EPOCH[603/1000] loss0.016-|Sample:0.29|
EPOCH[604/1000] loss0.017-|Sample:0.28|
EPOCH[605/1000] loss0.017-|Sample:0.31|
EPOCH[606/1000] loss0.016-|Sample:0.28|
EPOCH[607/1000] loss0.016-|Sample:0.28|
EPOCH[608/1000] loss0.016-|Sample:0.31|
EPOCH[609/1000] loss0.016-|Sample:0.28|
EPOCH[610/1000] loss0.016-|Sample:0.31|
[0;30;43m[TEST][0m
{'precision': array([0.07674919]), 'recall': array([0.27321489]), 'ndcg': array([0.21235421])}
EPOCH[611/1000] loss0.015-|Sample:0.29|
EPOCH[612/1000] loss0.016-|Sample:0.37|
EPOCH[613/1000] loss0.016-|Sample:0.30|
EPOCH[614/1000] loss0.015-|Sample:0.33|
EPOCH[615/1000] loss0.016-|Sample:0.28|
EPOCH[616/1000] loss0.016-|Sample:0.28|
EPOCH[617/1000] loss0.016-|Sample:0.31|
EPOCH[618/1000] loss0.016-|Sample:0.28|
EPOCH[619/1000] loss0.016-|Sample:0.31|
EPOCH[620/1000] loss0.016-|Sample:0.28|
[0;30;43m[TEST][0m
{'precision': array([0.07723358]), 'recall': array([0.27537995]), 'ndcg': array([0.21340451])}
EPOCH[621/1000] loss0.017-|Sample:0.31|
EPOCH[622/1000] loss0.016-|Sample:0.28|
EPOCH[623/1000] loss0.016-|Sample:0.31|
EPOCH[624/1000] loss0.016-|Sample:0.28|
EPOCH[625/1000] loss0.016-|Sample:0.28|
EPOCH[626/1000] loss0.016-|Sample:0.31|
EPOCH[627/1000] loss0.016-|Sample:0.28|
EPOCH[628/1000] loss0.016-|Sample:0.31|
EPOCH[629/1000] loss0.015-|Sample:0.28|
EPOCH[630/1000] loss0.016-|Sample:0.31|
[0;30;43m[TEST][0m
{'precision': array([0.07691066]), 'recall': array([0.2742164]), 'ndcg': array([0.2127573])}
EPOCH[631/1000] loss0.016-|Sample:0.29|
EPOCH[632/1000] loss0.016-|Sample:0.35|
EPOCH[633/1000] loss0.016-|Sample:0.31|
EPOCH[634/1000] loss0.015-|Sample:0.59|
EPOCH[635/1000] loss0.016-|Sample:0.34|
EPOCH[636/1000] loss0.016-|Sample:0.59|
EPOCH[637/1000] loss0.016-|Sample:0.31|
EPOCH[638/1000] loss0.016-|Sample:0.28|
EPOCH[639/1000] loss0.016-|Sample:0.31|
EPOCH[640/1000] loss0.016-|Sample:0.28|
[0;30;43m[TEST][0m
{'precision': array([0.07707212]), 'recall': array([0.27437977]), 'ndcg': array([0.21284651])}
EPOCH[641/1000] loss0.016-|Sample:0.31|
EPOCH[642/1000] loss0.015-|Sample:0.28|
EPOCH[643/1000] loss0.015-|Sample:0.28|
EPOCH[644/1000] loss0.017-|Sample:0.31|
EPOCH[645/1000] loss0.016-|Sample:0.28|
EPOCH[646/1000] loss0.015-|Sample:0.31|
EPOCH[647/1000] loss0.016-|Sample:0.28|
EPOCH[648/1000] loss0.016-|Sample:0.31|
EPOCH[649/1000] loss0.016-|Sample:0.28|
EPOCH[650/1000] loss0.016-|Sample:0.31|
[0;30;43m[TEST][0m
{'precision': array([0.07707212]), 'recall': array([0.27399478]), 'ndcg': array([0.21353793])}
EPOCH[651/1000] loss0.016-|Sample:0.29|
EPOCH[652/1000] loss0.016-|Sample:0.28|
EPOCH[653/1000] loss0.015-|Sample:0.31|
EPOCH[654/1000] loss0.015-|Sample:0.28|
EPOCH[655/1000] loss0.015-|Sample:0.31|
EPOCH[656/1000] loss0.016-|Sample:0.29|
EPOCH[657/1000] loss0.016-|Sample:0.31|
EPOCH[658/1000] loss0.015-|Sample:0.28|
EPOCH[659/1000] loss0.015-|Sample:0.31|
EPOCH[660/1000] loss0.015-|Sample:0.28|
[0;30;43m[TEST][0m
{'precision': array([0.07744887]), 'recall': array([0.27449846]), 'ndcg': array([0.21342232])}
EPOCH[661/1000] loss0.016-|Sample:0.29|
EPOCH[662/1000] loss0.016-|Sample:0.31|
EPOCH[663/1000] loss0.015-|Sample:0.28|
EPOCH[664/1000] loss0.015-|Sample:0.31|
EPOCH[665/1000] loss0.015-|Sample:0.28|
EPOCH[666/1000] loss0.015-|Sample:0.63|
EPOCH[667/1000] loss0.015-|Sample:0.31|
EPOCH[668/1000] loss0.015-|Sample:0.35|
EPOCH[669/1000] loss0.015-|Sample:0.32|
EPOCH[670/1000] loss0.015-|Sample:0.28|
[0;30;43m[TEST][0m
{'precision': array([0.07728741]), 'recall': array([0.27440208]), 'ndcg': array([0.21318643])}
EPOCH[671/1000] loss0.015-|Sample:0.28|
EPOCH[672/1000] loss0.015-|Sample:0.28|
EPOCH[673/1000] loss0.015-|Sample:0.30|
EPOCH[674/1000] loss0.015-|Sample:0.28|
EPOCH[675/1000] loss0.015-|Sample:0.31|
EPOCH[676/1000] loss0.015-|Sample:0.28|
EPOCH[677/1000] loss0.015-|Sample:0.31|
EPOCH[678/1000] loss0.015-|Sample:0.28|
EPOCH[679/1000] loss0.015-|Sample:0.28|
EPOCH[680/1000] loss0.015-|Sample:0.31|
[0;30;43m[TEST][0m
{'precision': array([0.07674919]), 'recall': array([0.27250618]), 'ndcg': array([0.21242366])}
EPOCH[681/1000] loss0.015-|Sample:0.29|
EPOCH[682/1000] loss0.015-|Sample:0.31|
EPOCH[683/1000] loss0.015-|Sample:0.28|
EPOCH[684/1000] loss0.015-|Sample:0.31|
EPOCH[685/1000] loss0.015-|Sample:0.28|
EPOCH[686/1000] loss0.014-|Sample:0.31|
EPOCH[687/1000] loss0.015-|Sample:0.28|
EPOCH[688/1000] loss0.015-|Sample:0.31|
EPOCH[689/1000] loss0.014-|Sample:0.28|
EPOCH[690/1000] loss0.015-|Sample:0.28|
[0;30;43m[TEST][0m
{'precision': array([0.07696448]), 'recall': array([0.27326501]), 'ndcg': array([0.21272042])}
EPOCH[691/1000] loss0.015-|Sample:0.31|
EPOCH[692/1000] loss0.014-|Sample:0.28|
EPOCH[693/1000] loss0.014-|Sample:0.31|
EPOCH[694/1000] loss0.015-|Sample:0.28|
EPOCH[695/1000] loss0.015-|Sample:0.31|
EPOCH[696/1000] loss0.015-|Sample:0.28|
EPOCH[697/1000] loss0.014-|Sample:0.31|
EPOCH[698/1000] loss0.015-|Sample:0.59|
EPOCH[699/1000] loss0.015-|Sample:0.31|
EPOCH[700/1000] loss0.015-|Sample:0.35|
[0;30;43m[TEST][0m
{'precision': array([0.07691066]), 'recall': array([0.27314321]), 'ndcg': array([0.21292247])}
EPOCH[701/1000] loss0.015-|Sample:0.29|
EPOCH[702/1000] loss0.015-|Sample:0.30|
EPOCH[703/1000] loss0.014-|Sample:0.28|
EPOCH[704/1000] loss0.015-|Sample:0.31|
EPOCH[705/1000] loss0.014-|Sample:0.28|
EPOCH[706/1000] loss0.015-|Sample:0.30|
EPOCH[707/1000] loss0.014-|Sample:0.28|
EPOCH[708/1000] loss0.015-|Sample:0.28|
EPOCH[709/1000] loss0.014-|Sample:0.31|
EPOCH[710/1000] loss0.015-|Sample:0.28|
[0;30;43m[TEST][0m
{'precision': array([0.0767761]), 'recall': array([0.2725523]), 'ndcg': array([0.21276397])}
EPOCH[711/1000] loss0.015-|Sample:0.31|
EPOCH[712/1000] loss0.015-|Sample:0.28|
EPOCH[713/1000] loss0.015-|Sample:0.31|
EPOCH[714/1000] loss0.015-|Sample:0.28|
EPOCH[715/1000] loss0.015-|Sample:0.31|
EPOCH[716/1000] loss0.014-|Sample:0.28|
EPOCH[717/1000] loss0.015-|Sample:0.28|
EPOCH[718/1000] loss0.014-|Sample:0.31|
EPOCH[719/1000] loss0.014-|Sample:0.29|
EPOCH[720/1000] loss0.014-|Sample:0.31|
[0;30;43m[TEST][0m
{'precision': array([0.07680301]), 'recall': array([0.27316013]), 'ndcg': array([0.21291055])}
EPOCH[721/1000] loss0.014-|Sample:0.29|
EPOCH[722/1000] loss0.014-|Sample:0.31|
EPOCH[723/1000] loss0.014-|Sample:0.28|
EPOCH[724/1000] loss0.014-|Sample:0.31|
EPOCH[725/1000] loss0.014-|Sample:0.28|
EPOCH[726/1000] loss0.014-|Sample:0.28|
EPOCH[727/1000] loss0.014-|Sample:0.31|
EPOCH[728/1000] loss0.015-|Sample:0.28|
EPOCH[729/1000] loss0.015-|Sample:0.30|
EPOCH[730/1000] loss0.014-|Sample:0.28|
[0;30;43m[TEST][0m
{'precision': array([0.07664155]), 'recall': array([0.27259859]), 'ndcg': array([0.21279483])}
EPOCH[731/1000] loss0.014-|Sample:0.30|
EPOCH[732/1000] loss0.014-|Sample:0.59|
EPOCH[733/1000] loss0.014-|Sample:0.38|
EPOCH[734/1000] loss0.014-|Sample:0.33|
EPOCH[735/1000] loss0.015-|Sample:0.59|
EPOCH[736/1000] loss0.014-|Sample:0.33|
EPOCH[737/1000] loss0.015-|Sample:0.28|
EPOCH[738/1000] loss0.015-|Sample:0.31|
EPOCH[739/1000] loss0.014-|Sample:0.28|
EPOCH[740/1000] loss0.014-|Sample:0.32|
[0;30;43m[TEST][0m
{'precision': array([0.07674919]), 'recall': array([0.2721648]), 'ndcg': array([0.21236833])}
EPOCH[741/1000] loss0.014-|Sample:0.30|
EPOCH[742/1000] loss0.015-|Sample:0.33|
EPOCH[743/1000] loss0.014-|Sample:0.28|
EPOCH[744/1000] loss0.014-|Sample:0.28|
EPOCH[745/1000] loss0.014-|Sample:0.32|
EPOCH[746/1000] loss0.014-|Sample:0.28|
EPOCH[747/1000] loss0.015-|Sample:0.30|
EPOCH[748/1000] loss0.014-|Sample:0.28|
EPOCH[749/1000] loss0.014-|Sample:0.31|
EPOCH[750/1000] loss0.015-|Sample:0.28|
[0;30;43m[TEST][0m
{'precision': array([0.07658773]), 'recall': array([0.27217531]), 'ndcg': array([0.21256354])}
EPOCH[751/1000] loss0.014-|Sample:0.32|
EPOCH[752/1000] loss0.015-|Sample:0.28|
EPOCH[753/1000] loss0.014-|Sample:0.31|
EPOCH[754/1000] loss0.014-|Sample:0.30|
EPOCH[755/1000] loss0.014-|Sample:0.30|
EPOCH[756/1000] loss0.014-|Sample:0.32|
EPOCH[757/1000] loss0.014-|Sample:0.29|
EPOCH[758/1000] loss0.014-|Sample:0.31|
EPOCH[759/1000] loss0.014-|Sample:0.28|
EPOCH[760/1000] loss0.014-|Sample:0.30|
[0;30;43m[TEST][0m
{'precision': array([0.07672228]), 'recall': array([0.27273474]), 'ndcg': array([0.21263218])}
EPOCH[761/1000] loss0.015-|Sample:0.28|
EPOCH[762/1000] loss0.014-|Sample:0.35|
EPOCH[763/1000] loss0.014-|Sample:0.32|
EPOCH[764/1000] loss0.014-|Sample:0.59|
EPOCH[765/1000] loss0.014-|Sample:0.62|
EPOCH[766/1000] loss0.014-|Sample:0.32|
EPOCH[767/1000] loss0.014-|Sample:0.31|
EPOCH[768/1000] loss0.014-|Sample:0.28|
EPOCH[769/1000] loss0.014-|Sample:0.31|
EPOCH[770/1000] loss0.014-|Sample:0.28|
[0;30;43m[TEST][0m
{'precision': array([0.07653391]), 'recall': array([0.27181147]), 'ndcg': array([0.2119965])}
EPOCH[771/1000] loss0.013-|Sample:0.30|
EPOCH[772/1000] loss0.014-|Sample:0.29|
EPOCH[773/1000] loss0.014-|Sample:0.30|
EPOCH[774/1000] loss0.014-|Sample:0.33|
EPOCH[775/1000] loss0.014-|Sample:0.28|
EPOCH[776/1000] loss0.014-|Sample:0.30|
EPOCH[777/1000] loss0.014-|Sample:0.28|
EPOCH[778/1000] loss0.013-|Sample:0.30|
EPOCH[779/1000] loss0.014-|Sample:0.28|
EPOCH[780/1000] loss0.014-|Sample:0.36|
[0;30;43m[TEST][0m
{'precision': array([0.07664155]), 'recall': array([0.27178399]), 'ndcg': array([0.21248366])}
EPOCH[781/1000] loss0.014-|Sample:0.29|
EPOCH[782/1000] loss0.014-|Sample:0.28|
EPOCH[783/1000] loss0.014-|Sample:0.31|
EPOCH[784/1000] loss0.014-|Sample:0.28|
EPOCH[785/1000] loss0.014-|Sample:0.32|
EPOCH[786/1000] loss0.014-|Sample:0.28|
EPOCH[787/1000] loss0.013-|Sample:0.31|
EPOCH[788/1000] loss0.013-|Sample:0.28|
EPOCH[789/1000] loss0.013-|Sample:0.31|
EPOCH[790/1000] loss0.014-|Sample:0.28|
[0;30;43m[TEST][0m
{'precision': array([0.07661464]), 'recall': array([0.27143477]), 'ndcg': array([0.21215127])}
EPOCH[791/1000] loss0.014-|Sample:0.28|
EPOCH[792/1000] loss0.013-|Sample:0.31|
EPOCH[793/1000] loss0.014-|Sample:0.28|
EPOCH[794/1000] loss0.013-|Sample:0.31|
EPOCH[795/1000] loss0.014-|Sample:0.28|
EPOCH[796/1000] loss0.014-|Sample:0.31|
EPOCH[797/1000] loss0.015-|Sample:0.28|
EPOCH[798/1000] loss0.014-|Sample:0.35|
EPOCH[799/1000] loss0.014-|Sample:0.49|
EPOCH[800/1000] loss0.014-|Sample:0.60|
[0;30;43m[TEST][0m
{'precision': array([0.07691066]), 'recall': array([0.27329844]), 'ndcg': array([0.21237851])}
EPOCH[801/1000] loss0.013-|Sample:0.32|
EPOCH[802/1000] loss0.014-|Sample:0.28|
EPOCH[803/1000] loss0.014-|Sample:0.31|
EPOCH[804/1000] loss0.013-|Sample:0.28|
EPOCH[805/1000] loss0.014-|Sample:0.30|
EPOCH[806/1000] loss0.014-|Sample:0.28|
EPOCH[807/1000] loss0.013-|Sample:0.32|
EPOCH[808/1000] loss0.013-|Sample:0.28|
EPOCH[809/1000] loss0.013-|Sample:0.28|
EPOCH[810/1000] loss0.013-|Sample:0.31|
[0;30;43m[TEST][0m
{'precision': array([0.07682992]), 'recall': array([0.2729219]), 'ndcg': array([0.21248595])}
EPOCH[811/1000] loss0.014-|Sample:0.28|
EPOCH[812/1000] loss0.013-|Sample:0.31|
EPOCH[813/1000] loss0.013-|Sample:0.28|
EPOCH[814/1000] loss0.013-|Sample:0.32|
EPOCH[815/1000] loss0.013-|Sample:0.28|
EPOCH[816/1000] loss0.014-|Sample:0.31|
EPOCH[817/1000] loss0.013-|Sample:0.28|
EPOCH[818/1000] loss0.014-|Sample:0.28|
EPOCH[819/1000] loss0.013-|Sample:0.31|
EPOCH[820/1000] loss0.013-|Sample:0.28|
[0;30;43m[TEST][0m
{'precision': array([0.07656082]), 'recall': array([0.27226394]), 'ndcg': array([0.21243975])}
EPOCH[821/1000] loss0.013-|Sample:0.32|
EPOCH[822/1000] loss0.014-|Sample:0.29|
EPOCH[823/1000] loss0.014-|Sample:0.31|
EPOCH[824/1000] loss0.014-|Sample:0.28|
EPOCH[825/1000] loss0.013-|Sample:0.31|
EPOCH[826/1000] loss0.014-|Sample:0.28|
EPOCH[827/1000] loss0.013-|Sample:0.28|
EPOCH[828/1000] loss0.013-|Sample:0.30|
EPOCH[829/1000] loss0.013-|Sample:0.28|
EPOCH[830/1000] loss0.013-|Sample:0.30|
[0;30;43m[TEST][0m
{'precision': array([0.07642626]), 'recall': array([0.27193842]), 'ndcg': array([0.21178182])}
EPOCH[831/1000] loss0.014-|Sample:0.29|
EPOCH[832/1000] loss0.013-|Sample:0.36|
EPOCH[833/1000] loss0.013-|Sample:0.32|
EPOCH[834/1000] loss0.013-|Sample:0.62|
EPOCH[835/1000] loss0.013-|Sample:0.61|
EPOCH[836/1000] loss0.013-|Sample:0.31|
EPOCH[837/1000] loss0.013-|Sample:0.28|
EPOCH[838/1000] loss0.013-|Sample:0.28|
EPOCH[839/1000] loss0.013-|Sample:0.30|
EPOCH[840/1000] loss0.014-|Sample:0.28|
[0;30;43m[TEST][0m
{'precision': array([0.0760226]), 'recall': array([0.27101735]), 'ndcg': array([0.21162663])}
EPOCH[841/1000] loss0.013-|Sample:0.32|
EPOCH[842/1000] loss0.013-|Sample:0.28|
EPOCH[843/1000] loss0.013-|Sample:0.31|
EPOCH[844/1000] loss0.014-|Sample:0.28|
EPOCH[845/1000] loss0.013-|Sample:0.32|
EPOCH[846/1000] loss0.013-|Sample:0.28|
EPOCH[847/1000] loss0.013-|Sample:0.28|
EPOCH[848/1000] loss0.013-|Sample:0.32|
EPOCH[849/1000] loss0.014-|Sample:0.28|
EPOCH[850/1000] loss0.013-|Sample:0.31|
[0;30;43m[TEST][0m
{'precision': array([0.07607643]), 'recall': array([0.27121161]), 'ndcg': array([0.21147744])}
EPOCH[851/1000] loss0.014-|Sample:0.29|
EPOCH[852/1000] loss0.013-|Sample:0.31|
EPOCH[853/1000] loss0.013-|Sample:0.28|
EPOCH[854/1000] loss0.013-|Sample:0.30|
EPOCH[855/1000] loss0.014-|Sample:0.28|
EPOCH[856/1000] loss0.013-|Sample:0.28|
EPOCH[857/1000] loss0.013-|Sample:0.31|
EPOCH[858/1000] loss0.013-|Sample:0.28|
EPOCH[859/1000] loss0.013-|Sample:0.31|
EPOCH[860/1000] loss0.013-|Sample:0.28|
[0;30;43m[TEST][0m
{'precision': array([0.07594187]), 'recall': array([0.27062921]), 'ndcg': array([0.21199461])}
EPOCH[861/1000] loss0.013-|Sample:0.31|
EPOCH[862/1000] loss0.013-|Sample:0.27|
EPOCH[863/1000] loss0.013-|Sample:0.31|
EPOCH[864/1000] loss0.013-|Sample:0.28|
EPOCH[865/1000] loss0.013-|Sample:0.31|
EPOCH[866/1000] loss0.013-|Sample:0.34|
EPOCH[867/1000] loss0.013-|Sample:0.60|
EPOCH[868/1000] loss0.014-|Sample:0.35|
EPOCH[869/1000] loss0.013-|Sample:0.31|
EPOCH[870/1000] loss0.013-|Sample:0.34|
[0;30;43m[TEST][0m
{'precision': array([0.0757535]), 'recall': array([0.27003758]), 'ndcg': array([0.21089361])}
EPOCH[871/1000] loss0.013-|Sample:0.29|
EPOCH[872/1000] loss0.013-|Sample:0.31|
EPOCH[873/1000] loss0.013-|Sample:0.30|
EPOCH[874/1000] loss0.013-|Sample:0.30|
EPOCH[875/1000] loss0.013-|Sample:0.31|
EPOCH[876/1000] loss0.013-|Sample:0.28|
EPOCH[877/1000] loss0.013-|Sample:0.31|
EPOCH[878/1000] loss0.014-|Sample:0.28|
EPOCH[879/1000] loss0.012-|Sample:0.31|
EPOCH[880/1000] loss0.013-|Sample:0.28|
[0;30;43m[TEST][0m
{'precision': array([0.07583423]), 'recall': array([0.27031665]), 'ndcg': array([0.21117255])}
EPOCH[881/1000] loss0.013-|Sample:0.30|
EPOCH[882/1000] loss0.013-|Sample:0.28|
EPOCH[883/1000] loss0.013-|Sample:0.28|
EPOCH[884/1000] loss0.013-|Sample:0.31|
EPOCH[885/1000] loss0.013-|Sample:0.28|
EPOCH[886/1000] loss0.014-|Sample:0.31|
EPOCH[887/1000] loss0.013-|Sample:0.29|
EPOCH[888/1000] loss0.013-|Sample:0.31|
EPOCH[889/1000] loss0.013-|Sample:0.29|
EPOCH[890/1000] loss0.013-|Sample:0.31|
[0;30;43m[TEST][0m
{'precision': array([0.07607643]), 'recall': array([0.27100456]), 'ndcg': array([0.2117159])}
EPOCH[891/1000] loss0.013-|Sample:0.28|
EPOCH[892/1000] loss0.013-|Sample:0.28|
EPOCH[893/1000] loss0.013-|Sample:0.31|
EPOCH[894/1000] loss0.012-|Sample:0.28|
EPOCH[895/1000] loss0.013-|Sample:0.31|
EPOCH[896/1000] loss0.013-|Sample:0.28|
EPOCH[897/1000] loss0.013-|Sample:0.31|
EPOCH[898/1000] loss0.013-|Sample:0.28|
EPOCH[899/1000] loss0.013-|Sample:0.35|
EPOCH[900/1000] loss0.012-|Sample:0.45|
[0;30;43m[TEST][0m
{'precision': array([0.0760226]), 'recall': array([0.27084203]), 'ndcg': array([0.21172207])}
EPOCH[901/1000] loss0.013-|Sample:0.29|
EPOCH[902/1000] loss0.013-|Sample:0.34|
EPOCH[903/1000] loss0.013-|Sample:0.59|
EPOCH[904/1000] loss0.013-|Sample:0.31|
EPOCH[905/1000] loss0.012-|Sample:0.28|
EPOCH[906/1000] loss0.013-|Sample:0.30|
EPOCH[907/1000] loss0.013-|Sample:0.28|
EPOCH[908/1000] loss0.013-|Sample:0.30|
EPOCH[909/1000] loss0.013-|Sample:0.28|
EPOCH[910/1000] loss0.013-|Sample:0.28|
[0;30;43m[TEST][0m
{'precision': array([0.07610334]), 'recall': array([0.27055198]), 'ndcg': array([0.21161944])}
EPOCH[911/1000] loss0.013-|Sample:0.28|
EPOCH[912/1000] loss0.013-|Sample:0.28|
EPOCH[913/1000] loss0.013-|Sample:0.31|
EPOCH[914/1000] loss0.013-|Sample:0.28|
EPOCH[915/1000] loss0.013-|Sample:0.31|
EPOCH[916/1000] loss0.013-|Sample:0.28|
EPOCH[917/1000] loss0.012-|Sample:0.31|
EPOCH[918/1000] loss0.013-|Sample:0.28|
EPOCH[919/1000] loss0.013-|Sample:0.31|
EPOCH[920/1000] loss0.012-|Sample:0.28|
[0;30;43m[TEST][0m
{'precision': array([0.07615716]), 'recall': array([0.27076408]), 'ndcg': array([0.21140998])}
EPOCH[921/1000] loss0.013-|Sample:0.29|
EPOCH[922/1000] loss0.013-|Sample:0.31|
EPOCH[923/1000] loss0.013-|Sample:0.28|
EPOCH[924/1000] loss0.013-|Sample:0.31|
EPOCH[925/1000] loss0.013-|Sample:0.28|
EPOCH[926/1000] loss0.013-|Sample:0.30|
EPOCH[927/1000] loss0.013-|Sample:0.31|
EPOCH[928/1000] loss0.013-|Sample:0.30|
EPOCH[929/1000] loss0.013-|Sample:0.28|
EPOCH[930/1000] loss0.013-|Sample:0.28|
[0;30;43m[TEST][0m
{'precision': array([0.07615716]), 'recall': array([0.27120717]), 'ndcg': array([0.21176526])}
EPOCH[931/1000] loss0.013-|Sample:0.31|
EPOCH[932/1000] loss0.013-|Sample:0.28|
EPOCH[933/1000] loss0.012-|Sample:0.35|
EPOCH[934/1000] loss0.012-|Sample:0.32|
EPOCH[935/1000] loss0.013-|Sample:0.63|
EPOCH[936/1000] loss0.013-|Sample:0.59|
EPOCH[937/1000] loss0.012-|Sample:0.58|
EPOCH[938/1000] loss0.013-|Sample:0.39|
EPOCH[939/1000] loss0.012-|Sample:0.28|
EPOCH[940/1000] loss0.013-|Sample:0.30|
[0;30;43m[TEST][0m
{'precision': array([0.07564586]), 'recall': array([0.2689686]), 'ndcg': array([0.21068764])}
EPOCH[941/1000] loss0.013-|Sample:0.28|
EPOCH[942/1000] loss0.012-|Sample:0.33|
EPOCH[943/1000] loss0.013-|Sample:0.29|
EPOCH[944/1000] loss0.013-|Sample:0.33|
EPOCH[945/1000] loss0.012-|Sample:0.28|
EPOCH[946/1000] loss0.013-|Sample:0.33|
EPOCH[947/1000] loss0.013-|Sample:0.28|
EPOCH[948/1000] loss0.013-|Sample:0.28|
EPOCH[949/1000] loss0.013-|Sample:0.31|
EPOCH[950/1000] loss0.012-|Sample:0.28|
[0;30;43m[TEST][0m
{'precision': array([0.07537675]), 'recall': array([0.26817544]), 'ndcg': array([0.20985294])}
EPOCH[951/1000] loss0.012-|Sample:0.31|
EPOCH[952/1000] loss0.013-|Sample:0.28|
EPOCH[953/1000] loss0.013-|Sample:0.31|
EPOCH[954/1000] loss0.013-|Sample:0.29|
EPOCH[955/1000] loss0.013-|Sample:0.31|
EPOCH[956/1000] loss0.013-|Sample:0.28|
EPOCH[957/1000] loss0.013-|Sample:0.28|
EPOCH[958/1000] loss0.013-|Sample:0.31|
EPOCH[959/1000] loss0.012-|Sample:0.28|
EPOCH[960/1000] loss0.012-|Sample:0.32|
[0;30;43m[TEST][0m
{'precision': array([0.0757535]), 'recall': array([0.26931134]), 'ndcg': array([0.2103893])}
EPOCH[961/1000] loss0.013-|Sample:0.29|
EPOCH[962/1000] loss0.012-|Sample:0.31|
EPOCH[963/1000] loss0.012-|Sample:0.28|
EPOCH[964/1000] loss0.013-|Sample:0.31|
EPOCH[965/1000] loss0.013-|Sample:0.28|
EPOCH[966/1000] loss0.012-|Sample:0.29|
EPOCH[967/1000] loss0.012-|Sample:0.31|
EPOCH[968/1000] loss0.012-|Sample:0.28|
EPOCH[969/1000] loss0.012-|Sample:0.31|
EPOCH[970/1000] loss0.013-|Sample:0.28|
[0;30;43m[TEST][0m
{'precision': array([0.07529602]), 'recall': array([0.26893695]), 'ndcg': array([0.20973249])}
EPOCH[971/1000] loss0.013-|Sample:0.30|
EPOCH[972/1000] loss0.012-|Sample:0.28|
EPOCH[973/1000] loss0.012-|Sample:0.31|
EPOCH[974/1000] loss0.012-|Sample:0.28|
EPOCH[975/1000] loss0.012-|Sample:0.28|
EPOCH[976/1000] loss0.012-|Sample:0.31|
EPOCH[977/1000] loss0.012-|Sample:0.28|
EPOCH[978/1000] loss0.012-|Sample:0.31|
EPOCH[979/1000] loss0.012-|Sample:0.28|
EPOCH[980/1000] loss0.012-|Sample:0.31|
[0;30;43m[TEST][0m
{'precision': array([0.07529602]), 'recall': array([0.26876486]), 'ndcg': array([0.21003925])}
EPOCH[981/1000] loss0.012-|Sample:0.29|
EPOCH[982/1000] loss0.012-|Sample:0.31|
EPOCH[983/1000] loss0.013-|Sample:0.29|
EPOCH[984/1000] loss0.012-|Sample:0.34|
EPOCH[985/1000] loss0.012-|Sample:0.28|
EPOCH[986/1000] loss0.013-|Sample:0.29|
EPOCH[987/1000] loss0.012-|Sample:0.36|
EPOCH[988/1000] loss0.012-|Sample:0.35|
EPOCH[989/1000] loss0.012-|Sample:0.37|
EPOCH[990/1000] loss0.013-|Sample:0.33|
[0;30;43m[TEST][0m
{'precision': array([0.07521529]), 'recall': array([0.26797804]), 'ndcg': array([0.20960129])}
EPOCH[991/1000] loss0.012-|Sample:0.34|
EPOCH[992/1000] loss0.012-|Sample:0.33|
EPOCH[993/1000] loss0.012-|Sample:0.32|
EPOCH[994/1000] loss0.013-|Sample:0.28|
EPOCH[995/1000] loss0.012-|Sample:0.28|
EPOCH[996/1000] loss0.013-|Sample:0.32|
EPOCH[997/1000] loss0.012-|Sample:0.29|
EPOCH[998/1000] loss0.012-|Sample:0.36|
EPOCH[999/1000] loss0.012-|Sample:0.30|
EPOCH[1000/1000] loss0.012-|Sample:0.34|
